0 info it worked if it ends with ok
1 verbose cli [ '/opt/nodes/4.4.3/bin/node',
1 verbose cli   '/opt/nodes/4.4.3/bin/npm',
1 verbose cli   'install',
1 verbose cli   'bower@~> 1.6.8',
1 verbose cli   '--global' ]
2 info using npm@2.15.1
3 info using node@v4.4.3
4 verbose install initial load of /opt/nodes/4.4.3/lib/package.json
5 verbose readDependencies loading dependencies from /opt/nodes/4.4.3/lib/package.json
6 silly cache add args [ 'bower@~> 1.6.8', null ]
7 verbose cache add spec bower@~> 1.6.8
8 silly cache add parsed spec Result {
8 silly cache add   raw: 'bower@~> 1.6.8',
8 silly cache add   scope: null,
8 silly cache add   name: 'bower',
8 silly cache add   rawSpec: '~> 1.6.8',
8 silly cache add   spec: '>=1.6.8 <1.7.0',
8 silly cache add   type: 'range' }
9 silly addNamed bower@>=1.6.8 <1.7.0
10 verbose addNamed ">=1.6.8 <1.7.0" is a valid semver range for bower
11 silly addNameRange { name: 'bower', range: '>=1.6.8 <1.7.0', hasData: false }
12 silly mapToRegistry name bower
13 silly mapToRegistry using default registry
14 silly mapToRegistry registry https://registry.npmjs.org/
15 silly mapToRegistry data Result {
15 silly mapToRegistry   raw: 'bower',
15 silly mapToRegistry   scope: null,
15 silly mapToRegistry   name: 'bower',
15 silly mapToRegistry   rawSpec: '',
15 silly mapToRegistry   spec: 'latest',
15 silly mapToRegistry   type: 'tag' }
16 silly mapToRegistry uri https://registry.npmjs.org/bower
17 verbose addNameRange registry:https://registry.npmjs.org/bower not in flight; fetching
18 verbose request uri https://registry.npmjs.org/bower
19 verbose request no auth needed
20 info attempt registry request try #1 at 10:51:44 AM
21 verbose request id 0bbfb03f588c1306
22 verbose etag W/"58381819-2ab6f"
23 verbose lastModified Fri, 25 Nov 2016 10:53:13 GMT
24 http request GET https://registry.npmjs.org/bower
25 http 304 https://registry.npmjs.org/bower
26 verbose headers { date: 'Mon, 28 Nov 2016 18:51:45 GMT',
26 verbose headers   via: '1.1 varnish',
26 verbose headers   'cache-control': 'max-age=300',
26 verbose headers   etag: 'W/"58381819-2ab6f"',
26 verbose headers   age: '256',
26 verbose headers   connection: 'keep-alive',
26 verbose headers   'x-served-by': 'cache-lax8637-LAX',
26 verbose headers   'x-cache': 'HIT',
26 verbose headers   'x-cache-hits': '1',
26 verbose headers   'x-timer': 'S1480359105.037707,VS0,VE0',
26 verbose headers   vary: 'Accept-Encoding' }
27 silly get cb [ 304,
27 silly get   { date: 'Mon, 28 Nov 2016 18:51:45 GMT',
27 silly get     via: '1.1 varnish',
27 silly get     'cache-control': 'max-age=300',
27 silly get     etag: 'W/"58381819-2ab6f"',
27 silly get     age: '256',
27 silly get     connection: 'keep-alive',
27 silly get     'x-served-by': 'cache-lax8637-LAX',
27 silly get     'x-cache': 'HIT',
27 silly get     'x-cache-hits': '1',
27 silly get     'x-timer': 'S1480359105.037707,VS0,VE0',
27 silly get     vary: 'Accept-Encoding' } ]
28 verbose etag https://registry.npmjs.org/bower from cache
29 verbose get saving bower to /Users/ian/.npm/registry.npmjs.org/bower/.cache.json
30 verbose correctMkdir /Users/ian/.npm correctMkdir not in flight; initializing
31 silly addNameRange number 2 { name: 'bower', range: '>=1.6.8 <1.7.0', hasData: true }
32 silly addNameRange versions [ 'bower',
32 silly addNameRange   [ '0.1.0',
32 silly addNameRange     '0.1.2',
32 silly addNameRange     '0.1.3',
32 silly addNameRange     '0.2.0',
32 silly addNameRange     '0.3.0',
32 silly addNameRange     '0.3.1',
32 silly addNameRange     '0.3.2',
32 silly addNameRange     '0.4.0',
32 silly addNameRange     '0.5.0',
32 silly addNameRange     '0.5.1',
32 silly addNameRange     '0.6.0',
32 silly addNameRange     '0.6.1',
32 silly addNameRange     '0.6.2',
32 silly addNameRange     '0.6.3',
32 silly addNameRange     '0.6.4',
32 silly addNameRange     '0.6.5',
32 silly addNameRange     '0.6.6',
32 silly addNameRange     '0.6.7',
32 silly addNameRange     '0.6.8',
32 silly addNameRange     '0.7.0',
32 silly addNameRange     '0.7.1',
32 silly addNameRange     '0.8.0',
32 silly addNameRange     '0.8.1',
32 silly addNameRange     '0.8.2',
32 silly addNameRange     '0.8.3',
32 silly addNameRange     '0.8.4',
32 silly addNameRange     '0.8.5',
32 silly addNameRange     '0.8.6',
32 silly addNameRange     '0.9.0',
32 silly addNameRange     '0.9.1',
32 silly addNameRange     '0.9.2',
32 silly addNameRange     '0.10.0',
32 silly addNameRange     '1.0.0',
32 silly addNameRange     '1.0.1',
32 silly addNameRange     '1.0.2',
32 silly addNameRange     '1.0.3',
32 silly addNameRange     '1.1.0',
32 silly addNameRange     '1.1.1',
32 silly addNameRange     '1.1.2',
32 silly addNameRange     '1.2.0',
32 silly addNameRange     '1.2.1',
32 silly addNameRange     '1.2.2',
32 silly addNameRange     '1.2.3',
32 silly addNameRange     '1.2.4',
32 silly addNameRange     '1.2.5',
32 silly addNameRange     '1.2.6',
32 silly addNameRange     '1.2.7',
32 silly addNameRange     '1.2.8',
32 silly addNameRange     '1.3.0',
32 silly addNameRange     '1.3.1',
32 silly addNameRange     '1.3.2',
32 silly addNameRange     '1.3.3',
32 silly addNameRange     '1.3.4',
32 silly addNameRange     '1.3.5',
32 silly addNameRange     '1.3.6',
32 silly addNameRange     '1.3.7',
32 silly addNameRange     '1.3.8',
32 silly addNameRange     '1.3.9',
32 silly addNameRange     '1.3.10',
32 silly addNameRange     '1.3.11',
32 silly addNameRange     '1.3.12',
32 silly addNameRange     '1.4.0',
32 silly addNameRange     '1.4.1',
32 silly addNameRange     '1.5.0',
32 silly addNameRange     '1.5.1',
32 silly addNameRange     '1.5.2',
32 silly addNameRange     '1.5.3',
32 silly addNameRange     '1.6.2',
32 silly addNameRange     '1.6.3',
32 silly addNameRange     '1.6.4',
32 silly addNameRange     '1.6.5',
32 silly addNameRange     '1.5.4',
32 silly addNameRange     '1.4.2',
32 silly addNameRange     '1.6.6',
32 silly addNameRange     '1.6.7',
32 silly addNameRange     '1.6.8',
32 silly addNameRange     '1.6.9',
32 silly addNameRange     '1.7.0',
32 silly addNameRange     '1.7.1',
32 silly addNameRange     '1.7.2',
32 silly addNameRange     '1.7.5',
32 silly addNameRange     '1.7.6',
32 silly addNameRange     '1.7.7',
32 silly addNameRange     '1.7.8',
32 silly addNameRange     '1.7.9',
32 silly addNameRange     '1.8.0' ] ]
33 silly addNamed bower@1.6.9
34 verbose addNamed "1.6.9" is a plain semver version for bower
35 silly cache afterAdd bower@1.6.9
36 verbose afterAdd /Users/ian/.npm/bower/1.6.9/package/package.json not in flight; writing
37 verbose correctMkdir /Users/ian/.npm correctMkdir not in flight; initializing
38 verbose afterAdd /Users/ian/.npm/bower/1.6.9/package/package.json written
39 silly install resolved [ { name: 'bower',
39 silly install resolved     version: '1.6.9',
39 silly install resolved     description: 'The browser package manager',
39 silly install resolved     author: { name: 'Twitter' },
39 silly install resolved     license: 'MIT',
39 silly install resolved     repository: { type: 'git', url: 'git+https://github.com/bower/bower.git' },
39 silly install resolved     main: 'lib',
39 silly install resolved     homepage: 'http://bower.io',
39 silly install resolved     engines: { node: '>=0.10.0' },
39 silly install resolved     keywords: [ 'bower' ],
39 silly install resolved     dependencies:
39 silly install resolved      { abbrev: '^1.0.5',
39 silly install resolved        archy: '1.0.0',
39 silly install resolved        'bower-config': '^1.2.3',
39 silly install resolved        'bower-endpoint-parser': '^0.2.2',
39 silly install resolved        'bower-json': '^0.4.0',
39 silly install resolved        'bower-logger': '^0.2.2',
39 silly install resolved        'bower-registry-client': '^1.0.0',
39 silly install resolved        cardinal: '0.4.4',
39 silly install resolved        chalk: '^1.0.0',
39 silly install resolved        chmodr: '^1.0.2',
39 silly install resolved        configstore: '^0.3.2',
39 silly install resolved        'decompress-zip': '^0.1.0',
39 silly install resolved        destroy: '^1.0.3',
39 silly install resolved        'fs-write-stream-atomic': '^1.0.5',
39 silly install resolved        fstream: '^1.0.3',
39 silly install resolved        'fstream-ignore': '^1.0.2',
39 silly install resolved        github: '^0.2.3',
39 silly install resolved        glob: '^4.3.2',
39 silly install resolved        'graceful-fs': '^3.0.5',
39 silly install resolved        handlebars: '^2.0.0',
39 silly install resolved        inquirer: '0.10.0',
39 silly install resolved        insight: '^0.7.0',
39 silly install resolved        'is-root': '^1.0.0',
39 silly install resolved        junk: '^1.0.0',
39 silly install resolved        lockfile: '^1.0.0',
39 silly install resolved        'lru-cache': '^2.5.0',
39 silly install resolved        'md5-hex': '^1.0.2',
39 silly install resolved        mkdirp: '0.5.0',
39 silly install resolved        mout: '^0.11.0',
39 silly install resolved        nopt: '^3.0.1',
39 silly install resolved        opn: '^1.0.1',
39 silly install resolved        'p-throttler': '0.1.1',
39 silly install resolved        promptly: '0.2.0',
39 silly install resolved        q: '^1.1.2',
39 silly install resolved        request: '2.53.0',
39 silly install resolved        'request-progress': '0.3.1',
39 silly install resolved        retry: '0.6.1',
39 silly install resolved        rimraf: '^2.2.8',
39 silly install resolved        semver: '^2.3.0',
39 silly install resolved        'shell-quote': '^1.4.2',
39 silly install resolved        'stringify-object': '^1.0.0',
39 silly install resolved        'tar-fs': '^1.4.1',
39 silly install resolved        tmp: '0.0.24',
39 silly install resolved        'update-notifier': '^0.3.0',
39 silly install resolved        'user-home': '^1.1.0',
39 silly install resolved        which: '^1.0.8' },
39 silly install resolved     devDependencies:
39 silly install resolved      { chai: '^1.10.0',
39 silly install resolved        coveralls: '^2.11.2',
39 silly install resolved        'expect.js': '^0.3.1',
39 silly install resolved        grunt: '^0.4.5',
39 silly install resolved        'grunt-cli': '^0.1.13',
39 silly install resolved        'grunt-contrib-jshint': '^0.10.0',
39 silly install resolved        'grunt-contrib-watch': '^0.6.1',
39 silly install resolved        'grunt-exec': '^0.4.6',
39 silly install resolved        'grunt-simple-mocha': '^0.4.0',
39 silly install resolved        istanbul: '^0.3.5',
39 silly install resolved        'load-grunt-tasks': '^2.0.0',
39 silly install resolved        mocha: '^2.1.0',
39 silly install resolved        multiline: '^1.0.2',
39 silly install resolved        nock: '^3.1.0',
39 silly install resolved        'node-uuid': '^1.4.2',
39 silly install resolved        proxyquire: '^1.3.0',
39 silly install resolved        'spawn-sync': '1.0.13' },
39 silly install resolved     scripts: { test: 'grunt test' },
39 silly install resolved     bin: { bower: 'bin/bower' },
39 silly install resolved     files: [ 'bin', 'lib', 'templates' ],
39 silly install resolved     gitHead: 'fd4c9e6aca734ffe93170eb2998ea9168c65e968',
39 silly install resolved     bugs: { url: 'https://github.com/bower/bower/issues' },
39 silly install resolved     bundleDependencies:
39 silly install resolved      [ 'abbrev',
39 silly install resolved        'archy',
39 silly install resolved        'bower-config',
39 silly install resolved        'bower-endpoint-parser',
39 silly install resolved        'bower-json',
39 silly install resolved        'bower-logger',
39 silly install resolved        'bower-registry-client',
39 silly install resolved        'cardinal',
39 silly install resolved        'chalk',
39 silly install resolved        'chmodr',
39 silly install resolved        'configstore',
39 silly install resolved        'decompress-zip',
39 silly install resolved        'destroy',
39 silly install resolved        'fs-write-stream-atomic',
39 silly install resolved        'fstream',
39 silly install resolved        'fstream-ignore',
39 silly install resolved        'github',
39 silly install resolved        'glob',
39 silly install resolved        'graceful-fs',
39 silly install resolved        'handlebars',
39 silly install resolved        'inquirer',
39 silly install resolved        'insight',
39 silly install resolved        'is-root',
39 silly install resolved        'junk',
39 silly install resolved        'lockfile',
39 silly install resolved        'lru-cache',
39 silly install resolved        'md5-hex',
39 silly install resolved        'mkdirp',
39 silly install resolved        'mout',
39 silly install resolved        'nopt',
39 silly install resolved        'opn',
39 silly install resolved        'p-throttler',
39 silly install resolved        'promptly',
39 silly install resolved        'q',
39 silly install resolved        'request',
39 silly install resolved        'request-progress',
39 silly install resolved        'retry',
39 silly install resolved        'rimraf',
39 silly install resolved        'semver',
39 silly install resolved        'shell-quote',
39 silly install resolved        'stringify-object',
39 silly install resolved        'tar-fs',
39 silly install resolved        'tmp',
39 silly install resolved        'update-notifier',
39 silly install resolved        'user-home',
39 silly install resolved        'which' ],
39 silly install resolved     _id: 'bower@1.6.9',
39 silly install resolved     _shasum: 'cdd7c908f88f8e8908a9ac237e34f591d7058b99',
39 silly install resolved     _from: 'bower@>=1.6.8 <1.7.0',
39 silly install resolved     _npmVersion: '2.14.4',
39 silly install resolved     _nodeVersion: '4.1.1',
39 silly install resolved     _npmUser: { name: 'sheerun', email: 'sheerun@sher.pl' },
39 silly install resolved     dist:
39 silly install resolved      { shasum: 'cdd7c908f88f8e8908a9ac237e34f591d7058b99',
39 silly install resolved        tarball: 'https://registry.npmjs.org/bower/-/bower-1.6.9.tgz' },
39 silly install resolved     maintainers:
39 silly install resolved      [ [Object],
39 silly install resolved        [Object],
39 silly install resolved        [Object],
39 silly install resolved        [Object],
39 silly install resolved        [Object],
39 silly install resolved        [Object],
39 silly install resolved        [Object] ],
39 silly install resolved     directories: {},
39 silly install resolved     _resolved: 'https://registry.npmjs.org/bower/-/bower-1.6.9.tgz',
39 silly install resolved     readme: 'ERROR: No README data found!' } ]
40 info install bower@1.6.9 into /opt/nodes/4.4.3/lib
41 info installOne bower@1.6.9
42 verbose installOne of bower to /opt/nodes/4.4.3/lib not in flight; installing
43 verbose correctMkdir /Users/ian/.npm/_locks correctMkdir not in flight; initializing
44 verbose lock using /Users/ian/.npm/_locks/bower-554b8ca9573c7e6b.lock for /opt/nodes/4.4.3/lib/node_modules/bower
45 silly install write writing bower 1.6.9 to /opt/nodes/4.4.3/lib/node_modules/bower
46 verbose unbuild lib/node_modules/bower
47 info preuninstall bower@1.8.0
48 info uninstall bower@1.8.0
49 verbose unbuild rmStuff bower@1.8.0 from /opt/nodes/4.4.3/lib/node_modules
50 silly gentlyRm /opt/nodes/4.4.3/bin/bower is being gently removed
51 silly gentlyRm verifying /opt/nodes/4.4.3 is an npm working directory
52 silly gentlyRm containing path /opt/nodes/4.4.3 is under npm's control, in /opt/nodes/4.4.3
53 silly gentlyRm deletion target /opt/nodes/4.4.3/bin/bower is under /opt/nodes/4.4.3
54 verbose gentlyRm vacuuming from /opt/nodes/4.4.3/bin/bower up to /opt/nodes/4.4.3
55 info postuninstall bower@1.8.0
56 silly gentlyRm /opt/nodes/4.4.3/lib/node_modules/bower is being purged from base /opt/nodes/4.4.3
57 verbose gentlyRm don't care about contents; nuking /opt/nodes/4.4.3/lib/node_modules/bower
58 silly vacuum-fs purging /opt/nodes/4.4.3/lib/node_modules/bower
59 verbose unlock done using /Users/ian/.npm/_locks/bower-554b8ca9573c7e6b.lock for /opt/nodes/4.4.3/lib/node_modules/bower
60 verbose stack Error: EACCES: permission denied, unlink '/opt/nodes/4.4.3/lib/node_modules/bower/CHANGELOG.md'
60 verbose stack     at Error (native)
61 verbose cwd /opt/boxen/repo
62 error Darwin 15.6.0
63 error argv "/opt/nodes/4.4.3/bin/node" "/opt/nodes/4.4.3/bin/npm" "install" "bower@~> 1.6.8" "--global"
64 error node v4.4.3
65 error npm  v2.15.1
66 error path /opt/nodes/4.4.3/lib/node_modules/bower/CHANGELOG.md
67 error code EACCES
68 error errno -13
69 error syscall unlink
70 error Error: EACCES: permission denied, unlink '/opt/nodes/4.4.3/lib/node_modules/bower/CHANGELOG.md'
70 error     at Error (native)
70 error  { [Error: EACCES: permission denied, unlink '/opt/nodes/4.4.3/lib/node_modules/bower/CHANGELOG.md']
70 error   errno: -13,
70 error   code: 'EACCES',
70 error   syscall: 'unlink',
70 error   path: '/opt/nodes/4.4.3/lib/node_modules/bower/CHANGELOG.md' }
71 error Please try running this command again as root/Administrator.
72 verbose exit [ -13, true ]
73 verbose unbuild lib/node_modules/bower
74 info preuninstall bower@1.8.0
75 info uninstall bower@1.8.0
76 verbose unbuild rmStuff bower@1.8.0 from /opt/nodes/4.4.3/lib/node_modules
77 silly gentlyRm /opt/nodes/4.4.3/bin/bower is being gently removed
78 silly gentlyRm verifying /opt/nodes/4.4.3 is an npm working directory
79 silly gentlyRm containing path /opt/nodes/4.4.3 is under npm's control, in /opt/nodes/4.4.3
80 silly gentlyRm deletion target /opt/nodes/4.4.3/bin/bower is under /opt/nodes/4.4.3
81 verbose gentlyRm vacuuming from /opt/nodes/4.4.3/bin/bower up to /opt/nodes/4.4.3
82 info postuninstall bower@1.8.0
83 silly gentlyRm /opt/nodes/4.4.3/lib/node_modules/bower is being purged from base /opt/nodes/4.4.3
84 verbose gentlyRm don't care about contents; nuking /opt/nodes/4.4.3/lib/node_modules/bower
85 silly vacuum-fs purging /opt/nodes/4.4.3/lib/node_modules/bower
86 error error rolling back Error: EACCES: permission denied, unlink '/opt/nodes/4.4.3/lib/node_modules/bower/CHANGELOG.md'
86 error error rolling back     at Error (native)
86 error error rolling back  { [Error: EACCES: permission denied, unlink '/opt/nodes/4.4.3/lib/node_modules/bower/CHANGELOG.md']
86 error error rolling back   errno: -13,
86 error error rolling back   code: 'EACCES',
86 error error rolling back   syscall: 'unlink',
86 error error rolling back   path: '/opt/nodes/4.4.3/lib/node_modules/bower/CHANGELOG.md' }
